[2018-04-15 19:20:22] ***************************
[2018-04-15 19:20:22] user_info['curspin']: 0
[2018-04-15 19:20:22] user_info['garant']: Array
(
    [0] => 5
    [1] => 2
)

[2018-04-15 19:20:22] user_info['curspin_bonus']: 38
[2018-04-15 19:20:22] user_info['garant_bonus']: Array
(
    [0] => 100
    [1] => 50
)

[2018-04-15 19:20:22] user_info['garant']: Array
(
    [0] => 5
    [1] => 2
)

[2018-04-15 19:20:25] ***************************
[2018-04-15 19:20:25] user_info['curspin']: 1
[2018-04-15 19:20:25] user_info['garant']: Array
(
    [0] => 5
    [1] => 2
)

[2018-04-15 19:20:25] user_info['curspin_bonus']: 39
[2018-04-15 19:20:25] user_info['garant_bonus']: Array
(
    [0] => 100
    [1] => 50
)

[2018-04-15 19:20:25] user_info['garant']: Array
(
    [0] => 5
    [1] => 2
)

[2018-04-15 19:21:20] ***************************
[2018-04-15 19:21:20] user_info['curspin']: 2
[2018-04-15 19:21:20] user_info['garant']: Array
(
    [0] => 5
    [1] => 2
)

[2018-04-15 19:21:20] user_info['curspin_bonus']: 40
[2018-04-15 19:21:20] user_info['garant_bonus']: Array
(
    [0] => 100
    [1] => 50
)

[2018-04-15 19:21:20] user_info['garant']: Array
(
    [0] => 5
    [1] => 2
)

[2018-04-15 19:33:09] ***************************
[2018-04-15 19:33:09] user_info['curspin']: 3
[2018-04-15 19:33:09] user_info['garant']: Array
(
    [0] => 5
    [1] => 2
)

[2018-04-15 19:33:09] user_info['curspin_bonus']: 41
[2018-04-15 19:33:09] user_info['garant_bonus']: Array
(
    [0] => 100
    [1] => 50
)

[2018-04-15 19:33:09] user_info['garant']: Array
(
    [0] => 5
    [1] => 2
)

[2018-04-15 19:33:36] ***************************
[2018-04-15 19:33:36] user_info['curspin']: 4
[2018-04-15 19:33:36] user_info['garant']: Array
(
    [0] => 5
    [1] => 2
)

[2018-04-15 19:33:36] user_info['curspin_bonus']: 42
[2018-04-15 19:33:36] user_info['garant_bonus']: Array
(
    [0] => 100
    [1] => 50
)

[2018-04-15 19:33:36] user_info['garant']: Array
(
    [0] => 5
    [1] => 2
)

[2018-04-15 19:35:07] ***************************
[2018-04-15 19:35:07] user_info['curspin']: 0
[2018-04-15 19:35:07] user_info['garant']: Array
(
    [0] => 1
    [1] => 5
)

[2018-04-15 19:35:07] user_info['curspin_bonus']: 43
[2018-04-15 19:35:07] user_info['garant_bonus']: Array
(
    [0] => 100
    [1] => 50
)

[2018-04-15 19:35:07] user_info['garant']: Array
(
    [0] => 1
    [1] => 5
)

[2018-04-15 19:36:56] ***************************
[2018-04-15 19:36:56] user_info['curspin']: 0
[2018-04-15 19:36:56] user_info['garant']: Array
(
    [0] => 7
    [1] => 2
)

[2018-04-15 19:36:56] user_info['curspin_bonus']: 44
[2018-04-15 19:36:56] user_info['garant_bonus']: Array
(
    [0] => 100
    [1] => 50
)

[2018-04-15 19:36:56] user_info['garant']: Array
(
    [0] => 7
    [1] => 2
)

[2018-04-15 19:37:07] ***************************
[2018-04-15 19:37:07] user_info['curspin']: 1
[2018-04-15 19:37:07] user_info['garant']: Array
(
    [0] => 7
    [1] => 2
)

[2018-04-15 19:37:07] user_info['curspin_bonus']: 45
[2018-04-15 19:37:07] user_info['garant_bonus']: Array
(
    [0] => 100
    [1] => 50
)

[2018-04-15 19:37:07] user_info['garant']: Array
(
    [0] => 7
    [1] => 2
)

[2018-04-15 19:37:11] ***************************
[2018-04-15 19:37:11] user_info['curspin']: 2
[2018-04-15 19:37:11] user_info['garant']: Array
(
    [0] => 7
    [1] => 2
)

[2018-04-15 19:37:11] user_info['curspin_bonus']: 46
[2018-04-15 19:37:11] user_info['garant_bonus']: Array
(
    [0] => 100
    [1] => 50
)

[2018-04-15 19:37:11] user_info['garant']: Array
(
    [0] => 7
    [1] => 2
)

[2018-04-15 19:37:35] ***************************
[2018-04-15 19:37:35] user_info['curspin']: 3
[2018-04-15 19:37:35] user_info['garant']: Array
(
    [0] => 7
    [1] => 2
)

[2018-04-15 19:37:35] user_info['curspin_bonus']: 47
[2018-04-15 19:37:35] user_info['garant_bonus']: Array
(
    [0] => 100
    [1] => 50
)

[2018-04-15 19:37:35] user_info['garant']: Array
(
    [0] => 7
    [1] => 2
)

[2018-04-15 19:37:38] ***************************
[2018-04-15 19:37:38] user_info['curspin']: 4
[2018-04-15 19:37:38] user_info['garant']: Array
(
    [0] => 7
    [1] => 2
)

[2018-04-15 19:37:38] user_info['curspin_bonus']: 48
[2018-04-15 19:37:38] user_info['garant_bonus']: Array
(
    [0] => 100
    [1] => 50
)

[2018-04-15 19:37:38] user_info['garant']: Array
(
    [0] => 7
    [1] => 2
)

[2018-04-15 19:37:57] ***************************
[2018-04-15 19:37:57] user_info['curspin']: 5
[2018-04-15 19:37:57] user_info['garant']: Array
(
    [0] => 7
    [1] => 2
)

[2018-04-15 19:37:57] user_info['curspin_bonus']: 49
[2018-04-15 19:37:57] user_info['garant_bonus']: Array
(
    [0] => 100
    [1] => 50
)

[2018-04-15 19:37:57] user_info['garant']: Array
(
    [0] => 7
    [1] => 2
)

[2018-04-15 19:38:20] ***************************
[2018-04-15 19:38:20] user_info['curspin']: 6
[2018-04-15 19:38:20] user_info['garant']: Array
(
    [0] => 7
    [1] => 2
)

[2018-04-15 19:38:20] user_info['curspin_bonus']: 50
[2018-04-15 19:38:20] user_info['garant_bonus']: Array
(
    [0] => 100
    [1] => 50
)

[2018-04-15 19:38:20] user_info['garant']: Array
(
    [0] => 7
    [1] => 2
)

[2018-04-15 19:38:25] ***************************
[2018-04-15 19:38:25] user_info['curspin']: 0
[2018-04-15 19:38:25] user_info['garant']: Array
(
    [0] => 3
    [1] => 2
)

[2018-04-15 19:38:25] user_info['curspin_bonus']: 51
[2018-04-15 19:38:25] user_info['garant_bonus']: Array
(
    [0] => 100
    [1] => 50
)

[2018-04-15 19:38:25] user_info['garant']: Array
(
    [0] => 3
    [1] => 2
)

[2018-04-15 19:38:36] ***************************
[2018-04-15 19:38:36] user_info['curspin']: 1
[2018-04-15 19:38:36] user_info['garant']: Array
(
    [0] => 3
    [1] => 2
)

[2018-04-15 19:38:36] user_info['curspin_bonus']: 52
[2018-04-15 19:38:36] user_info['garant_bonus']: Array
(
    [0] => 100
    [1] => 50
)

[2018-04-15 19:38:36] user_info['garant']: Array
(
    [0] => 3
    [1] => 2
)

[2018-04-15 19:40:28] ***************************
[2018-04-15 19:40:28] user_info['curspin']: 2
[2018-04-15 19:40:28] user_info['garant']: Array
(
    [0] => 3
    [1] => 2
)

[2018-04-15 19:40:28] user_info['curspin_bonus']: 53
[2018-04-15 19:40:28] user_info['garant_bonus']: Array
(
    [0] => 100
    [1] => 50
)

[2018-04-15 19:40:28] user_info['garant']: Array
(
    [0] => 3
    [1] => 2
)

[2018-04-15 19:47:02] ***************************
[2018-04-15 19:47:02] user_info['curspin']: 0
[2018-04-15 19:47:02] user_info['garant']: Array
(
    [0] => 4
    [1] => 5
)

[2018-04-15 19:47:02] user_info['curspin_bonus']: 54
[2018-04-15 19:47:02] user_info['garant_bonus']: Array
(
    [0] => 100
    [1] => 50
)

[2018-04-15 19:47:02] user_info['garant']: Array
(
    [0] => 4
    [1] => 5
)

[2018-04-15 19:47:06] ***************************
[2018-04-15 19:47:06] user_info['curspin']: 1
[2018-04-15 19:47:06] user_info['garant']: Array
(
    [0] => 4
    [1] => 5
)

[2018-04-15 19:47:06] user_info['curspin_bonus']: 55
[2018-04-15 19:47:06] user_info['garant_bonus']: Array
(
    [0] => 100
    [1] => 50
)

[2018-04-15 19:47:06] user_info['garant']: Array
(
    [0] => 4
    [1] => 5
)

[2018-04-15 19:49:26] ***************************
[2018-04-15 19:49:26] user_info['curspin']: 2
[2018-04-15 19:49:26] user_info['garant']: Array
(
    [0] => 4
    [1] => 5
)

[2018-04-15 19:49:26] user_info['curspin_bonus']: 56
[2018-04-15 19:49:26] user_info['garant_bonus']: Array
(
    [0] => 100
    [1] => 50
)

[2018-04-15 19:49:26] user_info['garant']: Array
(
    [0] => 4
    [1] => 5
)

[2018-04-15 19:49:30] ***************************
[2018-04-15 19:49:30] user_info['curspin']: 3
[2018-04-15 19:49:30] user_info['garant']: Array
(
    [0] => 4
    [1] => 5
)

[2018-04-15 19:49:30] user_info['curspin_bonus']: 57
[2018-04-15 19:49:30] user_info['garant_bonus']: Array
(
    [0] => 100
    [1] => 50
)

[2018-04-15 19:49:30] user_info['garant']: Array
(
    [0] => 4
    [1] => 5
)

[2018-04-15 19:49:33] ***************************
[2018-04-15 19:49:33] user_info['curspin']: 0
[2018-04-15 19:49:33] user_info['garant']: Array
(
    [0] => 10
    [1] => 3
)

[2018-04-15 19:49:33] user_info['curspin_bonus']: 58
[2018-04-15 19:49:33] user_info['garant_bonus']: Array
(
    [0] => 100
    [1] => 50
)

[2018-04-15 19:49:33] user_info['garant']: Array
(
    [0] => 10
    [1] => 3
)

[2018-04-15 19:50:02] ***************************
[2018-04-15 19:50:02] user_info['curspin']: 1
[2018-04-15 19:50:02] user_info['garant']: Array
(
    [0] => 10
    [1] => 3
)

[2018-04-15 19:50:02] user_info['curspin_bonus']: 59
[2018-04-15 19:50:02] user_info['garant_bonus']: Array
(
    [0] => 100
    [1] => 50
)

[2018-04-15 19:50:02] user_info['garant']: Array
(
    [0] => 10
    [1] => 3
)

[2018-04-15 19:50:08] ***************************
[2018-04-15 19:50:08] user_info['curspin']: 2
[2018-04-15 19:50:08] user_info['garant']: Array
(
    [0] => 10
    [1] => 3
)

[2018-04-15 19:50:08] user_info['curspin_bonus']: 60
[2018-04-15 19:50:08] user_info['garant_bonus']: Array
(
    [0] => 100
    [1] => 50
)

[2018-04-15 19:50:08] user_info['garant']: Array
(
    [0] => 10
    [1] => 3
)

[2018-04-15 19:50:12] ***************************
[2018-04-15 19:50:12] user_info['curspin']: 3
[2018-04-15 19:50:12] user_info['garant']: Array
(
    [0] => 10
    [1] => 3
)

[2018-04-15 19:50:12] user_info['curspin_bonus']: 61
[2018-04-15 19:50:12] user_info['garant_bonus']: Array
(
    [0] => 100
    [1] => 50
)

[2018-04-15 19:50:12] user_info['garant']: Array
(
    [0] => 10
    [1] => 3
)

[2018-04-15 19:50:15] ***************************
[2018-04-15 19:50:15] user_info['curspin']: 4
[2018-04-15 19:50:15] user_info['garant']: Array
(
    [0] => 10
    [1] => 3
)

[2018-04-15 19:50:15] user_info['curspin_bonus']: 62
[2018-04-15 19:50:15] user_info['garant_bonus']: Array
(
    [0] => 100
    [1] => 50
)

[2018-04-15 19:50:15] user_info['garant']: Array
(
    [0] => 10
    [1] => 3
)

[2018-04-15 19:50:42] ***************************
[2018-04-15 19:50:42] user_info['curspin']: 5
[2018-04-15 19:50:42] user_info['garant']: Array
(
    [0] => 10
    [1] => 3
)

[2018-04-15 19:50:42] user_info['curspin_bonus']: 63
[2018-04-15 19:50:42] user_info['garant_bonus']: Array
(
    [0] => 100
    [1] => 50
)

[2018-04-15 19:50:42] user_info['garant']: Array
(
    [0] => 10
    [1] => 3
)

[2018-04-15 19:50:45] ***************************
[2018-04-15 19:50:45] user_info['curspin']: 6
[2018-04-15 19:50:45] user_info['garant']: Array
(
    [0] => 10
    [1] => 3
)

[2018-04-15 19:50:45] user_info['curspin_bonus']: 64
[2018-04-15 19:50:45] user_info['garant_bonus']: Array
(
    [0] => 100
    [1] => 50
)

[2018-04-15 19:50:45] user_info['garant']: Array
(
    [0] => 10
    [1] => 3
)

[2018-04-15 19:50:48] ***************************
[2018-04-15 19:50:48] user_info['curspin']: 7
[2018-04-15 19:50:48] user_info['garant']: Array
(
    [0] => 10
    [1] => 3
)

[2018-04-15 19:50:48] user_info['curspin_bonus']: 65
[2018-04-15 19:50:48] user_info['garant_bonus']: Array
(
    [0] => 100
    [1] => 50
)

[2018-04-15 19:50:48] user_info['garant']: Array
(
    [0] => 10
    [1] => 3
)

[2018-04-16 23:33:41] available_garant_bon: Array
(
    [0] => 100|50
    [1] => 250|100
    [2] => 350|100
    [3] => 500|500
    [4] => 500|50
    [5] => 100|500
    [6] => 250|100
    [7] => 350|150
    [8] => 500|100
    [9] => 550|100
)

[2018-04-16 23:33:41] garant_bon_key: 5
[2018-04-16 23:33:41] garant_bon: Array
(
    [0] => 100
    [1] => 500
)

